[05/18 17:29:08] Deleting bank box in storage area [GivenItems] for character frerwerwe (0x6FB05)
[05/18 17:29:08] Deleting bank box in storage area [World Bank] for character frerwerwe (0x6FB05)
[05/18 17:29:12] Deleting bank box in storage area [GivenItems] for character Thomas Odibas (0x63759)
[05/18 17:29:12] Deleting bank box in storage area [World Bank] for character Thomas Odibas (0x63759)
[05/18 22:05:38] Deleting bank box in storage area [GivenItems] for character qweqwewqf (0x6FB17)
[05/18 22:05:38] Deleting bank box in storage area [World Bank] for character qweqwewqf (0x6FB17)
[06/10 17:06:21] Deleting bank box in storage area [GivenItems] for character teste (0x7498C)
[06/10 17:06:21] Deleting bank box in storage area [World Bank] for character teste (0x7498C)
[06/10 17:12:24] Deleting bank box in storage area [GivenItems] for character dsdsdasdsa (0x6FB6A)
[06/10 17:12:24] Deleting bank box in storage area [World Bank] for character dsdsdasdsa (0x6FB6A)
[09/30 10:38:59] Deleting bank box in storage area [World Bank] for character teste (0x833C5)
[09/30 10:42:46] Deleting bank box in storage area [World Bank] for character tttttt (0x83407)
[09/30 12:42:14] Deleting bank box in storage area [World Bank] for character dasdasdasd (0x83437)
[09/30 12:42:21] Deleting bank box in storage area [World Bank] for character ttttt (0x7F02D)
[10/01 15:35:48] Deleting bank box in storage area [World Bank] for character Humano (0x7C2D5)
[10/01 15:35:53] Deleting bank box in storage area [World Bank] for character Humano (0x83579)
[10/19 19:18:36] Deleting bank box in storage area [Auction Storage] for character Elfo (0x842E9)
[10/19 19:18:36] Deleting bank box in storage area [Keyring Storage] for character Elfo (0x842E9)
[10/19 19:18:36] Deleting bank box in storage area [Merchant Storage] for character Elfo (0x842E9)
[10/19 19:18:36] Deleting bank box in storage area [World Bank] for character Elfo (0x842E9)
[12/17 02:21:16] Deleting bank box in storage area [Auction Storage] for character Humano (0x7A954)
[12/17 02:21:16] Deleting bank box in storage area [Keyring Storage] for character Humano (0x7A954)
[12/17 02:21:16] Deleting bank box in storage area [Merchant Storage] for character Humano (0x7A954)
[12/17 02:21:16] Deleting bank box in storage area [World Bank] for character Humano (0x7A954)
[12/17 02:48:41] Deleting bank box in storage area [Auction Storage] for character Humano (0x8B50E)
[12/17 02:48:41] Deleting bank box in storage area [Keyring Storage] for character Humano (0x8B50E)
[12/17 02:48:41] Deleting bank box in storage area [Merchant Storage] for character Humano (0x8B50E)
[12/17 02:48:41] Deleting bank box in storage area [World Bank] for character Humano (0x8B50E)
[12/17 02:57:47] Deleting bank box in storage area [Auction Storage] for character Humano (0x8B50E)
[12/17 02:57:47] Deleting bank box in storage area [Keyring Storage] for character Humano (0x8B50E)
[12/17 02:57:47] Deleting bank box in storage area [Merchant Storage] for character Humano (0x8B50E)
[12/17 02:57:47] Deleting bank box in storage area [World Bank] for character Humano (0x8B50E)
[12/17 03:47:08] Deleting bank box in storage area [Auction Storage] for character Humano (0x8B5D2)
[12/17 03:47:08] Deleting bank box in storage area [Keyring Storage] for character Humano (0x8B5D2)
[12/17 03:47:08] Deleting bank box in storage area [Merchant Storage] for character Humano (0x8B5D2)
[12/17 03:47:08] Deleting bank box in storage area [World Bank] for character Humano (0x8B5D2)
[12/17 04:19:12] Deleting bank box in storage area [Auction Storage] for character Humano (0x8B6A6)
[12/17 04:19:12] Deleting bank box in storage area [Keyring Storage] for character Humano (0x8B6A6)
[12/17 04:19:12] Deleting bank box in storage area [Merchant Storage] for character Humano (0x8B6A6)
[12/17 04:19:12] Deleting bank box in storage area [World Bank] for character Humano (0x8B6A6)
