[09/23 00:01:44] [pkg/skills/gathering/regeneration/RegenerateResources.ecl]: Running ore regeneration cycle. (0 veins)
[09/23 00:02:01] [pkg/skills/farming/grower/globalcontrol.ecl]: Running plant-grower growth cycle.
[09/23 00:12:03] [pkg/skills/farming/grower/globalcontrol.ecl]: Running plant-grower growth cycle.
[09/23 00:22:04] [pkg/skills/farming/grower/globalcontrol.ecl]: Running plant-grower growth cycle.
[09/23 00:32:05] [pkg/skills/farming/grower/globalcontrol.ecl]: Running plant-grower growth cycle.
[09/23 00:37:53] [pkg/skills/gathering/regeneration/RegenerateResources.ecl]: Running ore regeneration cycle. (0 veins)
[09/23 00:42:07] [pkg/skills/farming/grower/globalcontrol.ecl]: Running plant-grower growth cycle.
[09/23 00:47:53] [pkg/skills/gathering/regeneration/RegenerateResources.ecl]: Running ore regeneration cycle. (0 veins)
[09/23 00:52:08] [pkg/skills/farming/grower/globalcontrol.ecl]: Running plant-grower growth cycle.
[09/23 00:57:53] [pkg/skills/gathering/regeneration/RegenerateResources.ecl]: Running ore regeneration cycle. (0 veins)
[09/23 01:02:10] [pkg/skills/farming/grower/globalcontrol.ecl]: Running plant-grower growth cycle.
[09/23 01:12:11] [pkg/skills/farming/grower/globalcontrol.ecl]: Running plant-grower growth cycle.
[09/23 01:22:13] [pkg/skills/farming/grower/globalcontrol.ecl]: Running plant-grower growth cycle.
[09/23 01:32:14] [pkg/skills/farming/grower/globalcontrol.ecl]: Running plant-grower growth cycle.
[09/23 01:34:03] [pkg/skills/gathering/regeneration/RegenerateResources.ecl]: Running ore regeneration cycle. (0 veins)
[09/23 01:42:15] [pkg/skills/farming/grower/globalcontrol.ecl]: Running plant-grower growth cycle.
[09/23 01:44:03] [pkg/skills/gathering/regeneration/RegenerateResources.ecl]: Running ore regeneration cycle. (0 veins)
[09/23 01:52:17] [pkg/skills/farming/grower/globalcontrol.ecl]: Running plant-grower growth cycle.
[09/23 01:54:03] [pkg/skills/gathering/regeneration/RegenerateResources.ecl]: Running ore regeneration cycle. (0 veins)
[09/23 02:02:18] [pkg/skills/farming/grower/globalcontrol.ecl]: Running plant-grower growth cycle.
[09/23 02:12:19] [pkg/skills/farming/grower/globalcontrol.ecl]: Running plant-grower growth cycle.
[09/23 02:22:21] [pkg/skills/farming/grower/globalcontrol.ecl]: Running plant-grower growth cycle.
[09/23 02:30:16] [pkg/skills/gathering/regeneration/RegenerateResources.ecl]: Running ore regeneration cycle. (0 veins)
[09/23 02:32:22] [pkg/skills/farming/grower/globalcontrol.ecl]: Running plant-grower growth cycle.
[09/23 02:40:16] [pkg/skills/gathering/regeneration/RegenerateResources.ecl]: Running ore regeneration cycle. (0 veins)
[09/23 02:42:24] [pkg/skills/farming/grower/globalcontrol.ecl]: Running plant-grower growth cycle.
[09/23 02:50:16] [pkg/skills/gathering/regeneration/RegenerateResources.ecl]: Running ore regeneration cycle. (0 veins)
[09/23 02:52:25] [pkg/skills/farming/grower/globalcontrol.ecl]: Running plant-grower growth cycle.
[09/23 03:02:27] [pkg/skills/farming/grower/globalcontrol.ecl]: Running plant-grower growth cycle.
[09/23 03:12:28] [pkg/skills/farming/grower/globalcontrol.ecl]: Running plant-grower growth cycle.
[09/23 03:22:30] [pkg/skills/farming/grower/globalcontrol.ecl]: Running plant-grower growth cycle.
[09/23 03:26:27] [pkg/skills/gathering/regeneration/RegenerateResources.ecl]: Running ore regeneration cycle. (0 veins)
[09/23 03:32:31] [pkg/skills/farming/grower/globalcontrol.ecl]: Running plant-grower growth cycle.
[09/23 03:36:27] [pkg/skills/gathering/regeneration/RegenerateResources.ecl]: Running ore regeneration cycle. (0 veins)
[09/23 03:42:33] [pkg/skills/farming/grower/globalcontrol.ecl]: Running plant-grower growth cycle.
[09/23 03:46:27] [pkg/skills/gathering/regeneration/RegenerateResources.ecl]: Running ore regeneration cycle. (0 veins)
[09/23 03:52:34] [pkg/skills/farming/grower/globalcontrol.ecl]: Running plant-grower growth cycle.
[09/23 04:02:36] [pkg/skills/farming/grower/globalcontrol.ecl]: Running plant-grower growth cycle.
[09/23 04:12:37] [pkg/skills/farming/grower/globalcontrol.ecl]: Running plant-grower growth cycle.
[09/23 04:22:39] [pkg/skills/farming/grower/globalcontrol.ecl]: Running plant-grower growth cycle.
[09/23 04:22:40] [pkg/skills/gathering/regeneration/RegenerateResources.ecl]: Running ore regeneration cycle. (0 veins)
[09/23 04:32:40] [pkg/skills/farming/grower/globalcontrol.ecl]: Running plant-grower growth cycle.
[09/23 04:32:40] [pkg/skills/gathering/regeneration/RegenerateResources.ecl]: Running ore regeneration cycle. (0 veins)
[09/23 04:42:40] [pkg/skills/gathering/regeneration/RegenerateResources.ecl]: Running ore regeneration cycle. (0 veins)
[09/23 04:42:41] [pkg/skills/farming/grower/globalcontrol.ecl]: Running plant-grower growth cycle.
[09/23 04:52:43] [pkg/skills/farming/grower/globalcontrol.ecl]: Running plant-grower growth cycle.
[09/23 05:02:44] [pkg/skills/farming/grower/globalcontrol.ecl]: Running plant-grower growth cycle.
[09/23 05:12:46] [pkg/skills/farming/grower/globalcontrol.ecl]: Running plant-grower growth cycle.
[09/23 05:18:53] [pkg/skills/gathering/regeneration/RegenerateResources.ecl]: Running ore regeneration cycle. (0 veins)
[09/23 05:22:47] [pkg/skills/farming/grower/globalcontrol.ecl]: Running plant-grower growth cycle.
[09/23 05:28:53] [pkg/skills/gathering/regeneration/RegenerateResources.ecl]: Running ore regeneration cycle. (0 veins)
[09/23 05:32:49] [pkg/skills/farming/grower/globalcontrol.ecl]: Running plant-grower growth cycle.
[09/23 05:38:53] [pkg/skills/gathering/regeneration/RegenerateResources.ecl]: Running ore regeneration cycle. (0 veins)
[09/23 05:42:50] [pkg/skills/farming/grower/globalcontrol.ecl]: Running plant-grower growth cycle.
[09/23 05:52:52] [pkg/skills/farming/grower/globalcontrol.ecl]: Running plant-grower growth cycle.
[09/23 06:02:53] [pkg/skills/farming/grower/globalcontrol.ecl]: Running plant-grower growth cycle.
[09/23 06:12:55] [pkg/skills/farming/grower/globalcontrol.ecl]: Running plant-grower growth cycle.
[09/23 06:15:06] [pkg/skills/gathering/regeneration/RegenerateResources.ecl]: Running ore regeneration cycle. (0 veins)
[09/23 06:22:56] [pkg/skills/farming/grower/globalcontrol.ecl]: Running plant-grower growth cycle.
[09/23 06:25:07] [pkg/skills/gathering/regeneration/RegenerateResources.ecl]: Running ore regeneration cycle. (0 veins)
[09/23 06:32:57] [pkg/skills/farming/grower/globalcontrol.ecl]: Running plant-grower growth cycle.
[09/23 06:35:07] [pkg/skills/gathering/regeneration/RegenerateResources.ecl]: Running ore regeneration cycle. (0 veins)
[09/23 06:42:59] [pkg/skills/farming/grower/globalcontrol.ecl]: Running plant-grower growth cycle.
[09/23 06:53:00] [pkg/skills/farming/grower/globalcontrol.ecl]: Running plant-grower growth cycle.
[09/23 07:03:02] [pkg/skills/farming/grower/globalcontrol.ecl]: Running plant-grower growth cycle.
[09/23 07:11:19] [pkg/skills/gathering/regeneration/RegenerateResources.ecl]: Running ore regeneration cycle. (0 veins)
[09/23 07:13:04] [pkg/skills/farming/grower/globalcontrol.ecl]: Running plant-grower growth cycle.
[09/23 07:21:19] [pkg/skills/gathering/regeneration/RegenerateResources.ecl]: Running ore regeneration cycle. (0 veins)
[09/23 07:23:05] [pkg/skills/farming/grower/globalcontrol.ecl]: Running plant-grower growth cycle.
[09/23 07:31:19] [pkg/skills/gathering/regeneration/RegenerateResources.ecl]: Running ore regeneration cycle. (0 veins)
[09/23 07:33:06] [pkg/skills/farming/grower/globalcontrol.ecl]: Running plant-grower growth cycle.
[09/23 07:43:08] [pkg/skills/farming/grower/globalcontrol.ecl]: Running plant-grower growth cycle.
[09/23 07:53:09] [pkg/skills/farming/grower/globalcontrol.ecl]: Running plant-grower growth cycle.
[09/23 08:03:11] [pkg/skills/farming/grower/globalcontrol.ecl]: Running plant-grower growth cycle.
[09/23 08:07:32] [pkg/skills/gathering/regeneration/RegenerateResources.ecl]: Running ore regeneration cycle. (0 veins)
[09/23 08:13:12] [pkg/skills/farming/grower/globalcontrol.ecl]: Running plant-grower growth cycle.
[09/23 08:17:32] [pkg/skills/gathering/regeneration/RegenerateResources.ecl]: Running ore regeneration cycle. (0 veins)
[09/23 08:23:14] [pkg/skills/farming/grower/globalcontrol.ecl]: Running plant-grower growth cycle.
[09/23 08:27:32] [pkg/skills/gathering/regeneration/RegenerateResources.ecl]: Running ore regeneration cycle. (0 veins)
[09/23 08:33:16] [pkg/skills/farming/grower/globalcontrol.ecl]: Running plant-grower growth cycle.
[09/23 08:43:17] [pkg/skills/farming/grower/globalcontrol.ecl]: Running plant-grower growth cycle.
[09/23 08:53:19] [pkg/skills/farming/grower/globalcontrol.ecl]: Running plant-grower growth cycle.
[09/23 09:03:20] [pkg/skills/farming/grower/globalcontrol.ecl]: Running plant-grower growth cycle.
[09/23 09:03:46] [pkg/skills/gathering/regeneration/RegenerateResources.ecl]: Running ore regeneration cycle. (0 veins)
[09/23 09:13:22] [pkg/skills/farming/grower/globalcontrol.ecl]: Running plant-grower growth cycle.
[09/23 09:13:46] [pkg/skills/gathering/regeneration/RegenerateResources.ecl]: Running ore regeneration cycle. (0 veins)
[09/23 09:23:23] [pkg/skills/farming/grower/globalcontrol.ecl]: Running plant-grower growth cycle.
[09/23 09:23:47] [pkg/skills/gathering/regeneration/RegenerateResources.ecl]: Running ore regeneration cycle. (0 veins)
[09/23 09:33:25] [pkg/skills/farming/grower/globalcontrol.ecl]: Running plant-grower growth cycle.
[09/23 09:43:26] [pkg/skills/farming/grower/globalcontrol.ecl]: Running plant-grower growth cycle.
[09/23 09:53:28] [pkg/skills/farming/grower/globalcontrol.ecl]: Running plant-grower growth cycle.
[09/23 10:00:00] [pkg/skills/gathering/regeneration/RegenerateResources.ecl]: Running ore regeneration cycle. (0 veins)
[09/23 10:03:30] [pkg/skills/farming/grower/globalcontrol.ecl]: Running plant-grower growth cycle.
[09/23 10:10:01] [pkg/skills/gathering/regeneration/RegenerateResources.ecl]: Running ore regeneration cycle. (0 veins)
[09/23 10:13:31] [pkg/skills/farming/grower/globalcontrol.ecl]: Running plant-grower growth cycle.
[09/23 10:20:01] [pkg/skills/gathering/regeneration/RegenerateResources.ecl]: Running ore regeneration cycle. (0 veins)
[09/23 10:23:33] [pkg/skills/farming/grower/globalcontrol.ecl]: Running plant-grower growth cycle.
[09/23 10:33:34] [pkg/skills/farming/grower/globalcontrol.ecl]: Running plant-grower growth cycle.
[09/23 10:43:36] [pkg/skills/farming/grower/globalcontrol.ecl]: Running plant-grower growth cycle.
[09/23 10:53:37] [pkg/skills/farming/grower/globalcontrol.ecl]: Running plant-grower growth cycle.
[09/23 10:56:15] [pkg/skills/gathering/regeneration/RegenerateResources.ecl]: Running ore regeneration cycle. (0 veins)
[09/23 11:03:39] [pkg/skills/farming/grower/globalcontrol.ecl]: Running plant-grower growth cycle.
[09/23 11:06:15] [pkg/skills/gathering/regeneration/RegenerateResources.ecl]: Running ore regeneration cycle. (0 veins)
[09/23 11:13:40] [pkg/skills/farming/grower/globalcontrol.ecl]: Running plant-grower growth cycle.
[09/23 11:16:15] [pkg/skills/gathering/regeneration/RegenerateResources.ecl]: Running ore regeneration cycle. (0 veins)
[09/23 11:23:42] [pkg/skills/farming/grower/globalcontrol.ecl]: Running plant-grower growth cycle.
[09/23 11:33:43] [pkg/skills/farming/grower/globalcontrol.ecl]: Running plant-grower growth cycle.
[09/23 11:43:45] [pkg/skills/farming/grower/globalcontrol.ecl]: Running plant-grower growth cycle.
[09/23 11:52:33] [pkg/skills/gathering/regeneration/RegenerateResources.ecl]: Running ore regeneration cycle. (0 veins)
[09/23 11:53:46] [pkg/skills/farming/grower/globalcontrol.ecl]: Running plant-grower growth cycle.
[09/23 12:02:33] [pkg/skills/gathering/regeneration/RegenerateResources.ecl]: Running ore regeneration cycle. (0 veins)
[09/23 12:03:48] [pkg/skills/farming/grower/globalcontrol.ecl]: Running plant-grower growth cycle.
[09/23 12:12:33] [pkg/skills/gathering/regeneration/RegenerateResources.ecl]: Running ore regeneration cycle. (0 veins)
[09/23 12:13:49] [pkg/skills/farming/grower/globalcontrol.ecl]: Running plant-grower growth cycle.
[09/23 12:23:51] [pkg/skills/farming/grower/globalcontrol.ecl]: Running plant-grower growth cycle.
[09/23 12:33:52] [pkg/skills/farming/grower/globalcontrol.ecl]: Running plant-grower growth cycle.
[09/23 12:43:54] [pkg/skills/farming/grower/globalcontrol.ecl]: Running plant-grower growth cycle.
[09/23 12:48:46] [pkg/skills/gathering/regeneration/RegenerateResources.ecl]: Running ore regeneration cycle. (0 veins)
[09/23 12:53:55] [pkg/skills/farming/grower/globalcontrol.ecl]: Running plant-grower growth cycle.
[09/23 12:58:46] [pkg/skills/gathering/regeneration/RegenerateResources.ecl]: Running ore regeneration cycle. (0 veins)
[09/23 13:03:57] [pkg/skills/farming/grower/globalcontrol.ecl]: Running plant-grower growth cycle.
[09/23 13:08:46] [pkg/skills/gathering/regeneration/RegenerateResources.ecl]: Running ore regeneration cycle. (0 veins)
[09/23 13:13:58] [pkg/skills/farming/grower/globalcontrol.ecl]: Running plant-grower growth cycle.
[09/23 13:24:00] [pkg/skills/farming/grower/globalcontrol.ecl]: Running plant-grower growth cycle.
[09/23 13:34:01] [pkg/skills/farming/grower/globalcontrol.ecl]: Running plant-grower growth cycle.
[09/23 13:44:03] [pkg/skills/farming/grower/globalcontrol.ecl]: Running plant-grower growth cycle.
[09/23 13:45:01] [pkg/skills/gathering/regeneration/RegenerateResources.ecl]: Running ore regeneration cycle. (0 veins)
[09/23 13:54:04] [pkg/skills/farming/grower/globalcontrol.ecl]: Running plant-grower growth cycle.
[09/23 13:55:01] [pkg/skills/gathering/regeneration/RegenerateResources.ecl]: Running ore regeneration cycle. (0 veins)
[09/23 14:04:06] [pkg/skills/farming/grower/globalcontrol.ecl]: Running plant-grower growth cycle.
[09/23 14:05:02] [pkg/skills/gathering/regeneration/RegenerateResources.ecl]: Running ore regeneration cycle. (0 veins)
[09/23 14:14:08] [pkg/skills/farming/grower/globalcontrol.ecl]: Running plant-grower growth cycle.
[09/23 14:24:09] [pkg/skills/farming/grower/globalcontrol.ecl]: Running plant-grower growth cycle.
[09/23 14:34:11] [pkg/skills/farming/grower/globalcontrol.ecl]: Running plant-grower growth cycle.
[09/23 14:41:18] [pkg/skills/gathering/regeneration/RegenerateResources.ecl]: Running ore regeneration cycle. (0 veins)
[09/23 14:44:13] [pkg/skills/farming/grower/globalcontrol.ecl]: Running plant-grower growth cycle.
[09/23 14:51:18] [pkg/skills/gathering/regeneration/RegenerateResources.ecl]: Running ore regeneration cycle. (0 veins)
[09/23 14:54:14] [pkg/skills/farming/grower/globalcontrol.ecl]: Running plant-grower growth cycle.
[09/23 15:01:18] [pkg/skills/gathering/regeneration/RegenerateResources.ecl]: Running ore regeneration cycle. (0 veins)
[09/23 15:04:16] [pkg/skills/farming/grower/globalcontrol.ecl]: Running plant-grower growth cycle.
[09/23 15:14:17] [pkg/skills/farming/grower/globalcontrol.ecl]: Running plant-grower growth cycle.
[09/23 15:24:19] [pkg/skills/farming/grower/globalcontrol.ecl]: Running plant-grower growth cycle.
[09/23 15:34:20] [pkg/skills/farming/grower/globalcontrol.ecl]: Running plant-grower growth cycle.
[09/23 15:37:34] [pkg/skills/gathering/regeneration/RegenerateResources.ecl]: Running ore regeneration cycle. (0 veins)
[09/23 15:44:22] [pkg/skills/farming/grower/globalcontrol.ecl]: Running plant-grower growth cycle.
[09/23 15:47:34] [pkg/skills/gathering/regeneration/RegenerateResources.ecl]: Running ore regeneration cycle. (0 veins)
[09/23 15:54:23] [pkg/skills/farming/grower/globalcontrol.ecl]: Running plant-grower growth cycle.
[09/23 15:57:34] [pkg/skills/gathering/regeneration/RegenerateResources.ecl]: Running ore regeneration cycle. (0 veins)
[09/23 16:04:25] [pkg/skills/farming/grower/globalcontrol.ecl]: Running plant-grower growth cycle.
[09/23 16:14:26] [pkg/skills/farming/grower/globalcontrol.ecl]: Running plant-grower growth cycle.
[09/23 16:24:28] [pkg/skills/farming/grower/globalcontrol.ecl]: Running plant-grower growth cycle.
[09/23 16:33:50] [pkg/skills/gathering/regeneration/RegenerateResources.ecl]: Running ore regeneration cycle. (0 veins)
[09/23 16:34:29] [pkg/skills/farming/grower/globalcontrol.ecl]: Running plant-grower growth cycle.
[09/23 16:43:50] [pkg/skills/gathering/regeneration/RegenerateResources.ecl]: Running ore regeneration cycle. (0 veins)
[09/23 16:44:31] [pkg/skills/farming/grower/globalcontrol.ecl]: Running plant-grower growth cycle.
[09/23 16:53:50] [pkg/skills/gathering/regeneration/RegenerateResources.ecl]: Running ore regeneration cycle. (0 veins)
[09/23 16:54:33] [pkg/skills/farming/grower/globalcontrol.ecl]: Running plant-grower growth cycle.
[09/23 17:04:34] [pkg/skills/farming/grower/globalcontrol.ecl]: Running plant-grower growth cycle.
[09/23 17:14:36] [pkg/skills/farming/grower/globalcontrol.ecl]: Running plant-grower growth cycle.
[09/23 17:24:37] [pkg/skills/farming/grower/globalcontrol.ecl]: Running plant-grower growth cycle.
[09/23 17:30:07] [pkg/skills/gathering/regeneration/RegenerateResources.ecl]: Running ore regeneration cycle. (0 veins)
[09/23 17:34:39] [pkg/skills/farming/grower/globalcontrol.ecl]: Running plant-grower growth cycle.
[09/23 17:40:07] [pkg/skills/gathering/regeneration/RegenerateResources.ecl]: Running ore regeneration cycle. (0 veins)
[09/23 17:44:40] [pkg/skills/farming/grower/globalcontrol.ecl]: Running plant-grower growth cycle.
[09/23 17:50:07] [pkg/skills/gathering/regeneration/RegenerateResources.ecl]: Running ore regeneration cycle. (0 veins)
[09/23 17:54:42] [pkg/skills/farming/grower/globalcontrol.ecl]: Running plant-grower growth cycle.
[09/23 18:04:43] [pkg/skills/farming/grower/globalcontrol.ecl]: Running plant-grower growth cycle.
[09/23 18:14:45] [pkg/skills/farming/grower/globalcontrol.ecl]: Running plant-grower growth cycle.
[09/23 18:24:46] [pkg/skills/farming/grower/globalcontrol.ecl]: Running plant-grower growth cycle.
[09/23 18:26:21] [pkg/skills/gathering/regeneration/RegenerateResources.ecl]: Running ore regeneration cycle. (0 veins)
[09/23 18:34:48] [pkg/skills/farming/grower/globalcontrol.ecl]: Running plant-grower growth cycle.
[09/23 18:36:21] [pkg/skills/gathering/regeneration/RegenerateResources.ecl]: Running ore regeneration cycle. (0 veins)
[09/23 18:42:21] Client#2 (127.0.0.1): disconnected (account marcknight)
[09/23 18:42:21] [scripts/misc/skillwin.ecl]: Error::AP_GetAttributeCfgElem() - unable to find cfg elem [] ->Element not found
[09/23 18:42:21] [scripts/misc/skillwin.ecl]: Error::AP_GetAttributeCfgElem() - unable to find cfg elem [] ->Element not found
[09/23 18:44:50] [pkg/skills/farming/grower/globalcontrol.ecl]: Running plant-grower growth cycle.
[09/23 18:46:22] [pkg/skills/gathering/regeneration/RegenerateResources.ecl]: Running ore regeneration cycle. (0 veins)
[09/23 18:54:52] [pkg/skills/farming/grower/globalcontrol.ecl]: Running plant-grower growth cycle.
[09/23 19:04:54] [pkg/skills/farming/grower/globalcontrol.ecl]: Running plant-grower growth cycle.
[09/23 19:14:55] [pkg/skills/farming/grower/globalcontrol.ecl]: Running plant-grower growth cycle.
[09/23 19:22:40] [pkg/skills/gathering/regeneration/RegenerateResources.ecl]: Running ore regeneration cycle. (0 veins)
[09/23 19:24:57] [pkg/skills/farming/grower/globalcontrol.ecl]: Running plant-grower growth cycle.
[09/23 19:32:40] [pkg/skills/gathering/regeneration/RegenerateResources.ecl]: Running ore regeneration cycle. (0 veins)
[09/23 19:34:58] [pkg/skills/farming/grower/globalcontrol.ecl]: Running plant-grower growth cycle.
[09/23 19:42:40] [pkg/skills/gathering/regeneration/RegenerateResources.ecl]: Running ore regeneration cycle. (0 veins)
[09/23 19:45:00] [pkg/skills/farming/grower/globalcontrol.ecl]: Running plant-grower growth cycle.
[09/23 19:55:02] [pkg/skills/farming/grower/globalcontrol.ecl]: Running plant-grower growth cycle.
[09/23 20:05:03] [pkg/skills/farming/grower/globalcontrol.ecl]: Running plant-grower growth cycle.
[09/23 20:15:05] [pkg/skills/farming/grower/globalcontrol.ecl]: Running plant-grower growth cycle.
[09/23 20:18:56] [pkg/skills/gathering/regeneration/RegenerateResources.ecl]: Running ore regeneration cycle. (0 veins)
[09/23 20:25:07] [pkg/skills/farming/grower/globalcontrol.ecl]: Running plant-grower growth cycle.
[09/23 20:28:15] Shutting down...
[09/23 20:28:15] Writing data files...Data save completed in 322 ms. 358 total.
[09/23 20:42:46] Logfile opened.
[09/23 20:42:46] POL100 Never Gonna Give You Up (Windows 64bit (Rev. 7bb27f719)) compiled on Jan 21 2020 02:40:43 running.
[09/23 20:42:46] Game is active.
[09/23 20:42:46] [pkg/multis/boat/boat.ecl]: [ERROR] [boat.src] No tillerman for boat at: 2609,3601,-5; destroying the boat...
[09/23 20:42:47] [pkg/multis/boat/boat.ecl]: [ERROR] [boat.src] No tillerman for boat at: 2658,3517,-5; destroying the boat...
[09/23 20:42:47] [pkg/multis/boat/boat.ecl]: [ERROR] [boat.src] No tillerman for boat at: 2684,3519,-5; destroying the boat...
[09/23 20:42:47] [pkg/multis/boat/boat.ecl]: [ERROR] [boat.src] No tillerman for boat at: 2623,3516,-5; destroying the boat...
[09/23 20:42:47] [pkg/multis/boat/boat.ecl]: [ERROR] [boat.src] No tillerman for boat at: 2690,3542,-5; destroying the boat...
[09/23 20:42:47] [pkg/multis/boat/boat.ecl]: [ERROR] [boat.src] No tillerman for boat at: 2694,3588,-5; destroying the boat...
[09/23 20:42:48] [pkg/skills/farming/grower/globalcontrol.ecl]: Running plant-grower growth cycle.
[09/23 20:42:48] [pkg/skills/gathering/regeneration/RegenerateResources.ecl]: Running ore regeneration cycle. (0 veins)
[09/23 20:43:41] Client#1 connected from 127.0.0.1 (1/0 connections) on interface 127.0.0.1
[09/23 20:43:41] Account marcknight logged in from 127.0.0.1
[09/23 20:43:41] Client#1 (127.0.0.1): disconnected (account marcknight)
[09/23 20:43:41] Client#2 connected from 127.0.0.1 (2/0 connections) on interface 127.0.0.1
[09/23 20:43:41] Account marcknight logged in from 127.0.0.1
[09/23 20:43:46] Account marcknight selecting character Marcknight
[09/23 20:43:47] Client#2: Unknown packet type 0xC8, 2 bytes (IP: 127.0.0.1, Account: marcknight)
0000 c8 18                                              ........ ........

[09/23 20:43:49] [scripts/misc/skillwin.ecl]: Error::AP_GetAttributeCfgElem() - unable to find cfg elem [] ->Element not found
[09/23 20:43:58] [scripts/misc/skillwin.ecl]: Error::AP_GetAttributeCfgElem() - unable to find cfg elem [] ->Element not found
[09/23 20:44:46] [scripts/misc/skillwin.ecl]: Error::AP_GetAttributeCfgElem() - unable to find cfg elem [] ->Element not found
[09/23 20:45:01] [scripts/misc/skillwin.ecl]: Error::AP_GetAttributeCfgElem() - unable to find cfg elem [] ->Element not found
[09/23 20:45:57] [scripts/misc/skillwin.ecl]: Error::AP_GetAttributeCfgElem() - unable to find cfg elem [] ->Element not found
[09/23 20:52:48] [pkg/skills/gathering/regeneration/RegenerateResources.ecl]: Running ore regeneration cycle. (0 veins)
[09/23 20:53:04] [pkg/skills/farming/grower/globalcontrol.ecl]: Running plant-grower growth cycle.
[09/23 20:55:05] Client#3 connected from 127.0.0.1 (2/0 connections) on interface 127.0.0.1
[09/23 20:55:05] Account marcoribera logged in from 127.0.0.1
[09/23 20:55:06] Client#3 (127.0.0.1): disconnected (account marcoribera)
[09/23 20:55:06] Client#4 connected from 127.0.0.1 (2/0 connections) on interface 127.0.0.1
[09/23 20:55:06] Account marcoribera logged in from 127.0.0.1
[09/23 20:55:07] Account marcoribera selecting character aaaaa
[09/23 20:55:07] Client#4: Unknown packet type 0xC8, 2 bytes (IP: 127.0.0.1, Account: marcoribera)
0000 c8 18                                              ........ ........

[09/23 20:55:40] [scripts/misc/skillwin.ecl]: Error::AP_GetAttributeCfgElem() - unable to find cfg elem [] ->Element not found
[09/23 20:55:41] [scripts/misc/skillwin.ecl]: Error::AP_GetAttributeCfgElem() - unable to find cfg elem [] ->Element not found
[09/23 21:02:49] [pkg/skills/gathering/regeneration/RegenerateResources.ecl]: Running ore regeneration cycle. (0 veins)
[09/23 21:03:06] [pkg/skills/farming/grower/globalcontrol.ecl]: Running plant-grower growth cycle.
[09/23 21:04:01] Client#4 (127.0.0.1): disconnected (account marcoribera)
[09/23 21:13:07] [pkg/skills/farming/grower/globalcontrol.ecl]: Running plant-grower growth cycle.
[09/23 21:23:09] [pkg/skills/farming/grower/globalcontrol.ecl]: Running plant-grower growth cycle.
[09/23 21:33:10] [pkg/skills/farming/grower/globalcontrol.ecl]: Running plant-grower growth cycle.
[09/23 21:38:59] [pkg/skills/gathering/regeneration/RegenerateResources.ecl]: Running ore regeneration cycle. (0 veins)
[09/23 21:43:12] [pkg/skills/farming/grower/globalcontrol.ecl]: Running plant-grower growth cycle.
[09/23 21:48:59] [pkg/skills/gathering/regeneration/RegenerateResources.ecl]: Running ore regeneration cycle. (0 veins)
[09/23 21:53:13] [pkg/skills/farming/grower/globalcontrol.ecl]: Running plant-grower growth cycle.
[09/23 21:58:59] [pkg/skills/gathering/regeneration/RegenerateResources.ecl]: Running ore regeneration cycle. (0 veins)
[09/23 22:03:15] [pkg/skills/farming/grower/globalcontrol.ecl]: Running plant-grower growth cycle.
[09/23 22:13:16] [pkg/skills/farming/grower/globalcontrol.ecl]: Running plant-grower growth cycle.
[09/23 22:23:18] [pkg/skills/farming/grower/globalcontrol.ecl]: Running plant-grower growth cycle.
[09/23 22:33:19] [pkg/skills/farming/grower/globalcontrol.ecl]: Running plant-grower growth cycle.
[09/23 22:35:11] [pkg/skills/gathering/regeneration/RegenerateResources.ecl]: Running ore regeneration cycle. (0 veins)
[09/23 22:36:35] Client (Character Desconhecido) tried to drop an item out of range.
[09/23 22:43:20] [pkg/skills/farming/grower/globalcontrol.ecl]: Running plant-grower growth cycle.
[09/23 22:45:11] [pkg/skills/gathering/regeneration/RegenerateResources.ecl]: Running ore regeneration cycle. (0 veins)
[09/23 22:53:22] [pkg/skills/farming/grower/globalcontrol.ecl]: Running plant-grower growth cycle.
[09/23 22:55:07] Client#2 (127.0.0.1): disconnected (account marcknight)
[09/23 22:55:08] Shutting down...
[09/23 22:55:08] Writing data files...Data save completed in 258 ms. 295 total.
[09/23 22:56:29] Logfile opened.
[09/23 22:56:29] POL100 Never Gonna Give You Up (Windows 64bit (Rev. 7bb27f719)) compiled on Jan 21 2020 02:40:43 running.
[09/23 22:56:29] Game is active.
[09/23 22:56:30] [pkg/multis/boat/boat.ecl]: [ERROR] [boat.src] No tillerman for boat at: 2609,3601,-5; destroying the boat...
[09/23 22:56:30] [pkg/multis/boat/boat.ecl]: [ERROR] [boat.src] No tillerman for boat at: 2658,3517,-5; destroying the boat...
[09/23 22:56:30] [pkg/multis/boat/boat.ecl]: [ERROR] [boat.src] No tillerman for boat at: 2684,3519,-5; destroying the boat...
[09/23 22:56:30] [pkg/multis/boat/boat.ecl]: [ERROR] [boat.src] No tillerman for boat at: 2623,3516,-5; destroying the boat...
[09/23 22:56:30] [pkg/multis/boat/boat.ecl]: [ERROR] [boat.src] No tillerman for boat at: 2690,3542,-5; destroying the boat...
[09/23 22:56:30] [pkg/multis/boat/boat.ecl]: [ERROR] [boat.src] No tillerman for boat at: 2694,3588,-5; destroying the boat...
[09/23 22:56:31] [pkg/skills/farming/grower/globalcontrol.ecl]: Running plant-grower growth cycle.
[09/23 22:56:32] [pkg/skills/gathering/regeneration/RegenerateResources.ecl]: Running ore regeneration cycle. (0 veins)
[09/23 22:57:00] Client#1 connected from 127.0.0.1 (1/0 connections) on interface 127.0.0.1
[09/23 22:57:01] Account marcknight logged in from 127.0.0.1
[09/23 22:57:01] Client#1 (127.0.0.1): disconnected (account marcknight)
[09/23 22:57:01] Client#2 connected from 127.0.0.1 (1/0 connections) on interface 127.0.0.1
[09/23 22:57:01] Account marcknight logged in from 127.0.0.1
[09/23 22:57:02] Account marcknight selecting character Desconhecido
[09/23 22:57:02] Client#2: Unknown packet type 0xC8, 2 bytes (IP: 127.0.0.1, Account: marcknight)
0000 c8 18                                              ........ ........

[09/23 22:57:04] [scripts/misc/skillwin.ecl]: Error::AP_GetAttributeCfgElem() - unable to find cfg elem [] ->Element not found
[09/23 22:57:08] [scripts/misc/skillwin.ecl]: Error::AP_GetAttributeCfgElem() - unable to find cfg elem [] ->Element not found
[09/23 23:01:37] Client#2 (127.0.0.1): disconnected (account marcknight)
[09/23 23:01:39] Shutting down...
[09/23 23:01:39] Writing data files...Data save completed in 296 ms. 366 total.
[09/23 23:02:11] Logfile opened.
[09/23 23:02:11] POL100 Never Gonna Give You Up (Windows 64bit (Rev. 7bb27f719)) compiled on Jan 21 2020 02:40:43 running.
[09/23 23:02:11] Game is active.
[09/23 23:02:11] [pkg/multis/boat/boat.ecl]: [ERROR] [boat.src] No tillerman for boat at: 2609,3601,-5; destroying the boat...
[09/23 23:02:12] [pkg/multis/boat/boat.ecl]: [ERROR] [boat.src] No tillerman for boat at: 2658,3517,-5; destroying the boat...
[09/23 23:02:12] [pkg/multis/boat/boat.ecl]: [ERROR] [boat.src] No tillerman for boat at: 2684,3519,-5; destroying the boat...
[09/23 23:02:12] [pkg/multis/boat/boat.ecl]: [ERROR] [boat.src] No tillerman for boat at: 2623,3516,-5; destroying the boat...
[09/23 23:02:12] [pkg/multis/boat/boat.ecl]: [ERROR] [boat.src] No tillerman for boat at: 2690,3542,-5; destroying the boat...
[09/23 23:02:12] [pkg/multis/boat/boat.ecl]: [ERROR] [boat.src] No tillerman for boat at: 2694,3588,-5; destroying the boat...
[09/23 23:02:13] [pkg/skills/farming/grower/globalcontrol.ecl]: Running plant-grower growth cycle.
[09/23 23:02:14] [pkg/skills/gathering/regeneration/RegenerateResources.ecl]: Running ore regeneration cycle. (0 veins)
[09/23 23:02:14] Client#1 connected from 127.0.0.1 (1/0 connections) on interface 127.0.0.1
[09/23 23:02:14] Account marcknight logged in from 127.0.0.1
[09/23 23:02:15] Client#1 (127.0.0.1): disconnected (account marcknight)
[09/23 23:02:15] Client#2 connected from 127.0.0.1 (2/0 connections) on interface 127.0.0.1
[09/23 23:02:15] Account marcknight logged in from 127.0.0.1
[09/23 23:02:16] Account marcknight selecting character Desconhecido
[09/23 23:02:17] Client#2: Unknown packet type 0xC8, 2 bytes (IP: 127.0.0.1, Account: marcknight)
0000 c8 18                                              ........ ........

[09/23 23:02:18] [scripts/misc/skillwin.ecl]: Error::AP_GetAttributeCfgElem() - unable to find cfg elem [] ->Element not found
[09/23 23:02:20] [scripts/misc/skillwin.ecl]: Error::AP_GetAttributeCfgElem() - unable to find cfg elem [] ->Element not found
[09/23 23:03:53] Client#2 (127.0.0.1): disconnected (account marcknight)
[09/23 23:03:56] Shutting down...
[09/23 23:03:56] Writing data files...Data save completed in 261 ms. 333 total.
[09/23 23:04:24] Logfile opened.
[09/23 23:04:24] POL100 Never Gonna Give You Up (Windows 64bit (Rev. 7bb27f719)) compiled on Jan 21 2020 02:40:43 running.
[09/23 23:04:24] Game is active.
[09/23 23:04:25] [pkg/multis/boat/boat.ecl]: [ERROR] [boat.src] No tillerman for boat at: 2609,3601,-5; destroying the boat...
[09/23 23:04:25] [pkg/multis/boat/boat.ecl]: [ERROR] [boat.src] No tillerman for boat at: 2658,3517,-5; destroying the boat...
[09/23 23:04:25] [pkg/multis/boat/boat.ecl]: [ERROR] [boat.src] No tillerman for boat at: 2684,3519,-5; destroying the boat...
[09/23 23:04:25] [pkg/multis/boat/boat.ecl]: [ERROR] [boat.src] No tillerman for boat at: 2623,3516,-5; destroying the boat...
[09/23 23:04:25] [pkg/multis/boat/boat.ecl]: [ERROR] [boat.src] No tillerman for boat at: 2690,3542,-5; destroying the boat...
[09/23 23:04:25] [pkg/multis/boat/boat.ecl]: [ERROR] [boat.src] No tillerman for boat at: 2694,3588,-5; destroying the boat...
[09/23 23:04:26] [pkg/skills/farming/grower/globalcontrol.ecl]: Running plant-grower growth cycle.
[09/23 23:04:27] [pkg/skills/gathering/regeneration/RegenerateResources.ecl]: Running ore regeneration cycle. (0 veins)
[09/23 23:04:31] Client#1 connected from 127.0.0.1 (1/0 connections) on interface 127.0.0.1
[09/23 23:04:31] Account marcknight logged in from 127.0.0.1
[09/23 23:04:32] Client#1 (127.0.0.1): disconnected (account marcknight)
[09/23 23:04:32] Client#2 connected from 127.0.0.1 (1/0 connections) on interface 127.0.0.1
[09/23 23:04:32] Account marcknight logged in from 127.0.0.1
[09/23 23:04:33] Account marcknight selecting character Desconhecido
[09/23 23:04:33] Client#2: Unknown packet type 0xC8, 2 bytes (IP: 127.0.0.1, Account: marcknight)
0000 c8 18                                              ........ ........

[09/23 23:07:19] Client#2 (127.0.0.1): disconnected (account marcknight)
[09/23 23:07:19] Shutting down...
[09/23 23:07:19] Writing data files...Data save completed in 263 ms. 338 total.
[09/23 23:08:03] Logfile opened.
[09/23 23:08:03] POL100 Never Gonna Give You Up (Windows 64bit (Rev. 7bb27f719)) compiled on Jan 21 2020 02:40:43 running.
[09/23 23:08:03] Game is active.
[09/23 23:08:04] [pkg/multis/boat/boat.ecl]: [ERROR] [boat.src] No tillerman for boat at: 2609,3601,-5; destroying the boat...
[09/23 23:08:04] [pkg/multis/boat/boat.ecl]: [ERROR] [boat.src] No tillerman for boat at: 2658,3517,-5; destroying the boat...
[09/23 23:08:04] [pkg/multis/boat/boat.ecl]: [ERROR] [boat.src] No tillerman for boat at: 2684,3519,-5; destroying the boat...
[09/23 23:08:04] [pkg/multis/boat/boat.ecl]: [ERROR] [boat.src] No tillerman for boat at: 2623,3516,-5; destroying the boat...
[09/23 23:08:04] [pkg/multis/boat/boat.ecl]: [ERROR] [boat.src] No tillerman for boat at: 2690,3542,-5; destroying the boat...
[09/23 23:08:04] [pkg/multis/boat/boat.ecl]: [ERROR] [boat.src] No tillerman for boat at: 2694,3588,-5; destroying the boat...
[09/23 23:08:05] [pkg/skills/farming/grower/globalcontrol.ecl]: Running plant-grower growth cycle.
[09/23 23:08:06] [pkg/skills/gathering/regeneration/RegenerateResources.ecl]: Running ore regeneration cycle. (0 veins)
[09/23 23:08:07] Client#1 connected from 127.0.0.1 (1/0 connections) on interface 127.0.0.1
[09/23 23:08:07] Account marcknight logged in from 127.0.0.1
[09/23 23:08:08] Client#1 (127.0.0.1): disconnected (account marcknight)
[09/23 23:08:08] Client#2 connected from 127.0.0.1 (2/0 connections) on interface 127.0.0.1
[09/23 23:08:08] Account marcknight logged in from 127.0.0.1
[09/23 23:08:09] Account marcknight selecting character Desconhecido
[09/23 23:08:09] Client#2: Unknown packet type 0xC8, 2 bytes (IP: 127.0.0.1, Account: marcknight)
0000 c8 18                                              ........ ........

[09/23 23:08:49] [scripts/misc/skillwin.ecl]: Error::AP_GetAttributeCfgElem() - unable to find cfg elem [] ->Element not found
[09/23 23:08:49] [scripts/misc/skillwin.ecl]: Error::AP_GetAttributeCfgElem() - unable to find cfg elem [] ->Element not found
[09/23 23:09:52] Client#2 (127.0.0.1): disconnected (account marcknight)
[09/23 23:09:54] Shutting down...
[09/23 23:09:54] Writing data files...Data save completed in 273 ms. 343 total.
[09/23 23:10:21] Logfile opened.
[09/23 23:10:21] POL100 Never Gonna Give You Up (Windows 64bit (Rev. 7bb27f719)) compiled on Jan 21 2020 02:40:43 running.
[09/23 23:10:21] Game is active.
[09/23 23:10:22] [pkg/multis/boat/boat.ecl]: [ERROR] [boat.src] No tillerman for boat at: 2609,3601,-5; destroying the boat...
[09/23 23:10:22] [pkg/multis/boat/boat.ecl]: [ERROR] [boat.src] No tillerman for boat at: 2658,3517,-5; destroying the boat...
[09/23 23:10:22] [pkg/multis/boat/boat.ecl]: [ERROR] [boat.src] No tillerman for boat at: 2684,3519,-5; destroying the boat...
[09/23 23:10:22] [pkg/multis/boat/boat.ecl]: [ERROR] [boat.src] No tillerman for boat at: 2623,3516,-5; destroying the boat...
[09/23 23:10:22] [pkg/multis/boat/boat.ecl]: [ERROR] [boat.src] No tillerman for boat at: 2690,3542,-5; destroying the boat...
[09/23 23:10:22] [pkg/multis/boat/boat.ecl]: [ERROR] [boat.src] No tillerman for boat at: 2694,3588,-5; destroying the boat...
[09/23 23:10:23] [pkg/skills/farming/grower/globalcontrol.ecl]: Running plant-grower growth cycle.
[09/23 23:10:24] [pkg/skills/gathering/regeneration/RegenerateResources.ecl]: Running ore regeneration cycle. (0 veins)
[09/23 23:10:28] Client#1 connected from 127.0.0.1 (1/0 connections) on interface 127.0.0.1
[09/23 23:10:28] Account marcknight logged in from 127.0.0.1
[09/23 23:10:29] Client#1 (127.0.0.1): disconnected (account marcknight)
[09/23 23:10:30] Client#2 connected from 127.0.0.1 (1/0 connections) on interface 127.0.0.1
[09/23 23:10:30] Account marcknight logged in from 127.0.0.1
[09/23 23:10:31] Account marcknight selecting character Desconhecido
[09/23 23:10:31] Client#2: Unknown packet type 0xC8, 2 bytes (IP: 127.0.0.1, Account: marcknight)
0000 c8 18                                              ........ ........

[09/23 23:10:34] [scripts/misc/skillwin.ecl]: Error::AP_GetAttributeCfgElem() - unable to find cfg elem [] ->Element not found
[09/23 23:10:35] [scripts/misc/skillwin.ecl]: Error::AP_GetAttributeCfgElem() - unable to find cfg elem [] ->Element not found
[09/23 23:12:46] Client#2 (127.0.0.1): disconnected (account marcknight)
[09/23 23:12:46] Shutting down...
[09/23 23:12:46] Writing data files...Data save completed in 179 ms. 250 total.
[09/23 23:13:15] Logfile opened.
[09/23 23:13:15] POL100 Never Gonna Give You Up (Windows 64bit (Rev. 7bb27f719)) compiled on Jan 21 2020 02:40:43 running.
[09/23 23:13:15] Game is active.
[09/23 23:13:15] Client#1 connected from 127.0.0.1 (1/0 connections) on interface 127.0.0.1
[09/23 23:13:15] Account marcknight logged in from 127.0.0.1
[09/23 23:13:16] [pkg/multis/boat/boat.ecl]: [ERROR] [boat.src] No tillerman for boat at: 2609,3601,-5; destroying the boat...
[09/23 23:13:16] [pkg/multis/boat/boat.ecl]: [ERROR] [boat.src] No tillerman for boat at: 2658,3517,-5; destroying the boat...
[09/23 23:13:16] [pkg/multis/boat/boat.ecl]: [ERROR] [boat.src] No tillerman for boat at: 2684,3519,-5; destroying the boat...
[09/23 23:13:16] [pkg/multis/boat/boat.ecl]: [ERROR] [boat.src] No tillerman for boat at: 2623,3516,-5; destroying the boat...
[09/23 23:13:16] [pkg/multis/boat/boat.ecl]: [ERROR] [boat.src] No tillerman for boat at: 2690,3542,-5; destroying the boat...
[09/23 23:13:16] [pkg/multis/boat/boat.ecl]: [ERROR] [boat.src] No tillerman for boat at: 2694,3588,-5; destroying the boat...
[09/23 23:13:17] [pkg/skills/farming/grower/globalcontrol.ecl]: Running plant-grower growth cycle.
[09/23 23:13:18] [pkg/skills/gathering/regeneration/RegenerateResources.ecl]: Running ore regeneration cycle. (0 veins)
[09/23 23:13:18] Client#1 (127.0.0.1): disconnected (account marcknight)
[09/23 23:13:18] Client#2 connected from 127.0.0.1 (1/0 connections) on interface 127.0.0.1
[09/23 23:13:18] Account marcknight logged in from 127.0.0.1
[09/23 23:13:19] Account marcknight selecting character Desconhecido
[09/23 23:13:19] Client#2: Unknown packet type 0xC8, 2 bytes (IP: 127.0.0.1, Account: marcknight)
0000 c8 18                                              ........ ........

[09/23 23:13:22] [scripts/misc/skillwin.ecl]: Error::AP_GetAttributeCfgElem() - unable to find cfg elem [] ->Element not found
[09/23 23:13:23] [scripts/misc/skillwin.ecl]: Error::AP_GetAttributeCfgElem() - unable to find cfg elem [] ->Element not found
[09/23 23:14:38] Client#2 (127.0.0.1): disconnected (account marcknight)
[09/23 23:14:40] Shutting down...
[09/23 23:14:40] Writing data files...Data save completed in 289 ms. 361 total.
[09/23 23:15:10] Logfile opened.
[09/23 23:15:10] POL100 Never Gonna Give You Up (Windows 64bit (Rev. 7bb27f719)) compiled on Jan 21 2020 02:40:43 running.
[09/23 23:15:10] Game is active.
[09/23 23:15:10] Client#1 connected from 127.0.0.1 (1/0 connections) on interface 127.0.0.1
[09/23 23:15:10] Account marcknight logged in from 127.0.0.1
[09/23 23:15:10] [pkg/multis/boat/boat.ecl]: [ERROR] [boat.src] No tillerman for boat at: 2609,3601,-5; destroying the boat...
[09/23 23:15:10] [pkg/multis/boat/boat.ecl]: [ERROR] [boat.src] No tillerman for boat at: 2658,3517,-5; destroying the boat...
[09/23 23:15:10] [pkg/multis/boat/boat.ecl]: [ERROR] [boat.src] No tillerman for boat at: 2684,3519,-5; destroying the boat...
[09/23 23:15:10] [pkg/multis/boat/boat.ecl]: [ERROR] [boat.src] No tillerman for boat at: 2623,3516,-5; destroying the boat...
[09/23 23:15:10] [pkg/multis/boat/boat.ecl]: [ERROR] [boat.src] No tillerman for boat at: 2690,3542,-5; destroying the boat...
[09/23 23:15:10] [pkg/multis/boat/boat.ecl]: [ERROR] [boat.src] No tillerman for boat at: 2694,3588,-5; destroying the boat...
[09/23 23:15:11] [pkg/skills/farming/grower/globalcontrol.ecl]: Running plant-grower growth cycle.
[09/23 23:15:11] Client#1 (127.0.0.1): disconnected (account marcknight)
[09/23 23:15:11] Client#2 connected from 127.0.0.1 (1/0 connections) on interface 127.0.0.1
[09/23 23:15:11] Account marcknight logged in from 127.0.0.1
[09/23 23:15:12] Account marcknight selecting character Desconhecido
[09/23 23:15:12] Client#2: Unknown packet type 0xC8, 2 bytes (IP: 127.0.0.1, Account: marcknight)
0000 c8 18                                              ........ ........

[09/23 23:15:12] [pkg/skills/gathering/regeneration/RegenerateResources.ecl]: Running ore regeneration cycle. (0 veins)
[09/23 23:15:14] [scripts/misc/skillwin.ecl]: Error::AP_GetAttributeCfgElem() - unable to find cfg elem [] ->Element not found
[09/23 23:15:15] [scripts/misc/skillwin.ecl]: Error::AP_GetAttributeCfgElem() - unable to find cfg elem [] ->Element not found
[09/23 23:25:12] [pkg/skills/gathering/regeneration/RegenerateResources.ecl]: Running ore regeneration cycle. (0 veins)
[09/23 23:25:32] [pkg/skills/farming/grower/globalcontrol.ecl]: Running plant-grower growth cycle.
[09/23 23:30:02] Client#2 (127.0.0.1): disconnected (account marcknight)
[09/23 23:30:05] Shutting down...
[09/23 23:30:05] Writing data files...Data save completed in 349 ms. 419 total.
[09/23 23:30:34] Logfile opened.
[09/23 23:30:34] POL100 Never Gonna Give You Up (Windows 64bit (Rev. 7bb27f719)) compiled on Jan 21 2020 02:40:43 running.
[09/23 23:30:34] Game is active.
[09/23 23:30:34] [pkg/multis/boat/boat.ecl]: [ERROR] [boat.src] No tillerman for boat at: 2609,3601,-5; destroying the boat...
[09/23 23:30:34] [pkg/multis/boat/boat.ecl]: [ERROR] [boat.src] No tillerman for boat at: 2658,3517,-5; destroying the boat...
[09/23 23:30:34] [pkg/multis/boat/boat.ecl]: [ERROR] [boat.src] No tillerman for boat at: 2684,3519,-5; destroying the boat...
[09/23 23:30:34] [pkg/multis/boat/boat.ecl]: [ERROR] [boat.src] No tillerman for boat at: 2623,3516,-5; destroying the boat...
[09/23 23:30:34] [pkg/multis/boat/boat.ecl]: [ERROR] [boat.src] No tillerman for boat at: 2690,3542,-5; destroying the boat...
[09/23 23:30:34] [pkg/multis/boat/boat.ecl]: [ERROR] [boat.src] No tillerman for boat at: 2694,3588,-5; destroying the boat...
[09/23 23:30:36] [pkg/skills/farming/grower/globalcontrol.ecl]: Running plant-grower growth cycle.
[09/23 23:30:36] [pkg/skills/gathering/regeneration/RegenerateResources.ecl]: Running ore regeneration cycle. (0 veins)
[09/23 23:30:48] Client#1 connected from 127.0.0.1 (1/0 connections) on interface 127.0.0.1
[09/23 23:30:48] Account marcknight logged in from 127.0.0.1
[09/23 23:30:49] Client#1 (127.0.0.1): disconnected (account marcknight)
[09/23 23:30:49] Client#2 connected from 127.0.0.1 (1/0 connections) on interface 127.0.0.1
[09/23 23:30:49] Account marcknight logged in from 127.0.0.1
[09/23 23:30:50] Account marcknight selecting character Desconhecido
[09/23 23:30:50] Client#2: Unknown packet type 0xC8, 2 bytes (IP: 127.0.0.1, Account: marcknight)
0000 c8 18                                              ........ ........

[09/23 23:30:57] [scripts/misc/skillwin.ecl]: Error::AP_GetAttributeCfgElem() - unable to find cfg elem [] ->Element not found
[09/23 23:30:58] [scripts/misc/skillwin.ecl]: Error::AP_GetAttributeCfgElem() - unable to find cfg elem [] ->Element not found
[09/23 23:40:37] [pkg/skills/gathering/regeneration/RegenerateResources.ecl]: Running ore regeneration cycle. (0 veins)
[09/23 23:40:54] [pkg/skills/farming/grower/globalcontrol.ecl]: Running plant-grower growth cycle.
[09/23 23:50:37] [pkg/skills/gathering/regeneration/RegenerateResources.ecl]: Running ore regeneration cycle. (0 veins)
[09/23 23:50:56] [pkg/skills/farming/grower/globalcontrol.ecl]: Running plant-grower growth cycle.
